<?xml version="1.0" encoding="UTF-8"?>
<!-- Generated by org.testng.reporters.JUnitXMLReporter -->
<testsuite hostname="Newt-Pk024" name="Default test" tests="3" failures="0" timestamp="6 May 2016 09:59:19 GMT" time="0.7" errors="0">
  <testcase name="@BeforeMethod beforeClass" time="0.0" classname="test.NYSETest">
    <failure type="org.testng.TestNGException" message="
Parameter &amp;apos;host&amp;apos; is required by @Configuration on method beforeClass but has not been marked @Optional or defined
in C:\Users\maqdooms\AppData\Local\Temp\testng-eclipse--1196206488\testng-customsuite.xml">
      <![CDATA[org.testng.TestNGException: 
Parameter 'host' is required by @Configuration on method beforeClass but has not been marked @Optional or defined
in C:\Users\maqdooms\AppData\Local\Temp\testng-eclipse--1196206488\testng-customsuite.xml
	at org.testng.internal.Parameters.createParameters(Parameters.java:154)
	at org.testng.internal.Parameters.createParameters(Parameters.java:361)
	at org.testng.internal.Parameters.createConfigurationParameters(Parameters.java:84)
	at org.testng.internal.Invoker.invokeConfigurations(Invoker.java:202)
	at org.testng.internal.Invoker.invokeMethod(Invoker.java:590)
	at org.testng.internal.Invoker.invokeTestMethod(Invoker.java:823)
	at org.testng.internal.Invoker.invokeTestMethods(Invoker.java:1131)
	at org.testng.internal.TestMethodWorker.invokeTestMethods(TestMethodWorker.java:129)
	at org.testng.internal.TestMethodWorker.run(TestMethodWorker.java:112)
	at org.testng.TestRunner.privateRun(TestRunner.java:778)
	at org.testng.TestRunner.run(TestRunner.java:632)
	at org.testng.SuiteRunner.runTest(SuiteRunner.java:366)
	at org.testng.SuiteRunner.runSequentially(SuiteRunner.java:361)
	at org.testng.SuiteRunner.privateRun(SuiteRunner.java:319)
	at org.testng.SuiteRunner.run(SuiteRunner.java:268)
	at org.testng.SuiteRunnerWorker.runSuite(SuiteRunnerWorker.java:52)
	at org.testng.SuiteRunnerWorker.run(SuiteRunnerWorker.java:86)
	at org.testng.TestNG.runSuitesSequentially(TestNG.java:1225)
	at org.testng.TestNG.runSuitesLocally(TestNG.java:1150)
	at org.testng.TestNG.runSuites(TestNG.java:1075)
	at org.testng.TestNG.run(TestNG.java:1047)
	at org.testng.remote.AbstractRemoteTestNG.run(AbstractRemoteTestNG.java:126)
	at org.testng.remote.RemoteTestNG.initAndRun(RemoteTestNG.java:137)
	at org.testng.remote.RemoteTestNG.main(RemoteTestNG.java:58)
]]>
    </failure>
  </testcase> <!-- @BeforeMethod beforeClass -->
  <testcase name="@AfterMethod afterClass" time="0.0" classname="test.NYSETest">
    <skipped/>
  </testcase> <!-- @AfterMethod afterClass -->
  <testcase name="@BeforeMethod beforeClass" time="0.0" classname="test.NYSETest">
    <skipped/>
  </testcase> <!-- @BeforeMethod beforeClass -->
  <testcase name="@AfterMethod afterClass" time="0.0" classname="test.NYSETest">
    <skipped/>
  </testcase> <!-- @AfterMethod afterClass -->
  <testcase name="@BeforeMethod beforeClass" time="0.0" classname="test.NYSETest">
    <skipped/>
  </testcase> <!-- @BeforeMethod beforeClass -->
  <testcase name="@AfterMethod afterClass" time="0.0" classname="test.NYSETest">
    <skipped/>
  </testcase> <!-- @AfterMethod afterClass -->
  <testcase name="compareNYSEStocks" time="0.007" classname="test.NYSETest">
    <skipped/>
  </testcase> <!-- compareNYSEStocks -->
  <testcase name="compareNYSEStocks" time="0.001" classname="test.NYSETest">
    <skipped/>
  </testcase> <!-- compareNYSEStocks -->
  <testcase name="compareNYSEStocks" time="0.001" classname="test.NYSETest">
    <skipped/>
  </testcase> <!-- compareNYSEStocks -->
</testsuite> <!-- Default test -->
